11:37:44 DEBUG : Logs will be stored at 'C:/Users/lscho/OneDrive/Documents/GitHub/mo5-software/IDE.log'.
11:37:50 INFO  : Launching XSCT server: xsct.bat -n  -interactive C:\Users\lscho\OneDrive\Documents\GitHub\mo5-software\temp_xsdb_launch_script.tcl
11:37:50 INFO  : Registering command handlers for Vitis TCF services
11:37:50 INFO  : Platform repository initialization has completed.
11:37:53 INFO  : XSCT server has started successfully.
11:37:53 INFO  : plnx-install-location is set to ''
11:37:53 INFO  : Successfully done setting XSCT server connection channel  
11:37:53 INFO  : Successfully done setting workspace for the tool. 
11:37:53 INFO  : Successfully done query RDI_DATADIR 
15:16:32 DEBUG : Logs will be stored at 'C:/Users/lscho/OneDrive/Documents/GitHub/mo5-software/IDE.log'.
15:16:35 INFO  : Launching XSCT server: xsct.bat -n  -interactive C:\Users\lscho\OneDrive\Documents\GitHub\mo5-software\temp_xsdb_launch_script.tcl
15:16:36 INFO  : Platform repository initialization has completed.
15:16:36 INFO  : Registering command handlers for Vitis TCF services
15:16:38 INFO  : XSCT server has started successfully.
15:16:38 INFO  : plnx-install-location is set to ''
15:16:39 INFO  : Successfully done setting XSCT server connection channel  
15:16:39 INFO  : Successfully done query RDI_DATADIR 
15:16:39 INFO  : Successfully done setting workspace for the tool. 
15:10:02 DEBUG : Logs will be stored at 'C:/Users/lscho/OneDrive/Documents/GitHub/mo5-software/IDE.log'.
15:10:06 INFO  : Launching XSCT server: xsct.bat -n  -interactive C:\Users\lscho\OneDrive\Documents\GitHub\mo5-software\temp_xsdb_launch_script.tcl
15:10:06 INFO  : Platform repository initialization has completed.
15:10:06 INFO  : Registering command handlers for Vitis TCF services
15:10:09 INFO  : XSCT server has started successfully.
15:10:09 INFO  : Successfully done setting XSCT server connection channel  
15:10:12 INFO  : plnx-install-location is set to ''
15:10:12 INFO  : Successfully done setting workspace for the tool. 
15:10:12 INFO  : Successfully done query RDI_DATADIR 
15:10:54 DEBUG : Logs will be stored at 'C:/Users/lscho/OneDrive/Documents/GitHub/mo5-software/IDE.log'.
15:10:56 INFO  : Launching XSCT server: xsct.bat -n  -interactive C:\Users\lscho\OneDrive\Documents\GitHub\mo5-software\temp_xsdb_launch_script.tcl
15:10:57 INFO  : Platform repository initialization has completed.
15:10:57 INFO  : Registering command handlers for Vitis TCF services
15:10:59 INFO  : XSCT server has started successfully.
15:10:59 INFO  : Successfully done setting XSCT server connection channel  
15:10:59 INFO  : plnx-install-location is set to ''
15:10:59 INFO  : Successfully done setting workspace for the tool. 
15:10:59 INFO  : Successfully done query RDI_DATADIR 
15:11:41 INFO  : [Import] Updating active build configuration of the system project 'MO5_testFile_system' to 'Debug' after the import.
15:11:46 INFO  : Checking for BSP changes to sync application flags for project 'MO5_testFile'...
15:11:46 ERROR : Failed to get platform details for the project 'MO5_testFile'. Cannot sync application flags.
15:14:00 INFO  : Result from executing command 'getProjects': system_wrapper
15:14:00 INFO  : Result from executing command 'getPlatforms': 
15:14:37 INFO  : Result from executing command 'getProjects': system_wrapper
15:14:37 INFO  : Result from executing command 'getPlatforms': system_wrapper|C:/Users/lscho/OneDrive/Documents/GitHub/mo5-software/system_wrapper/export/system_wrapper/system_wrapper.xpfm
15:14:37 INFO  : Checking for BSP changes to sync application flags for project 'MO5_testFile'...
15:14:37 ERROR : Failed to get platform details for the project 'MO5_testFile'. Cannot sync application flags.
15:14:37 INFO  : The hardware specification used by project 'MO5_testFile' is out of sync with the platform. Resource files extracted from the hardware specification will be updated.
15:14:40 INFO  : The file 'C:\Users\lscho\OneDrive\Documents\GitHub\mo5-software\MO5_testFile\_ide\bitstream\system_wrapper.bit' stored in project is removed.
15:14:40 INFO  : The updated bitstream files are copied from platform to folder 'C:\Users\lscho\OneDrive\Documents\GitHub\mo5-software\MO5_testFile\_ide\bitstream' in project 'MO5_testFile'.
15:14:40 INFO  : The file 'C:\Users\lscho\OneDrive\Documents\GitHub\mo5-software\MO5_testFile\_ide\psinit\ps7_init.tcl' stored in project is removed.
15:14:47 INFO  : The updated ps init files are copied from platform to folder 'C:\Users\lscho\OneDrive\Documents\GitHub\mo5-software\MO5_testFile\_ide\psinit' in project 'MO5_testFile'.
15:52:46 INFO  : Connected to target on host '127.0.0.1' and port '3121'.
15:52:47 INFO  : Jtag cable 'Xilinx TUL 1234-tulA' is selected.
15:52:47 INFO  : 'jtag frequency' command is executed.
15:52:47 INFO  : Context for 'APU' is selected.
15:52:47 INFO  : System reset is completed.
15:52:50 INFO  : 'after 3000' command is executed.
15:52:50 INFO  : 'targets -set -filter {jtag_cable_name =~ "Xilinx TUL 1234-tulA" && level==0 && jtag_device_ctx=="jsn-TUL-1234-tulA-23727093-0"}' command is executed.
15:52:53 INFO  : Device configured successfully with "C:/Users/lscho/OneDrive/Documents/GitHub/mo5-software/MO5_testFile/_ide/bitstream/custom_wrapper.bit"
15:52:53 INFO  : Context for 'APU' is selected.
15:52:53 INFO  : Hardware design and registers information is loaded from 'C:/Users/lscho/OneDrive/Documents/GitHub/mo5-software/system_wrapper/export/system_wrapper/hw/custom_wrapper.xsa'.
15:52:53 INFO  : 'configparams force-mem-access 1' command is executed.
15:52:53 INFO  : Context for 'APU' is selected.
15:52:53 INFO  : Sourcing of 'C:/Users/lscho/OneDrive/Documents/GitHub/mo5-software/MO5_testFile/_ide/psinit/ps7_init.tcl' is done.
15:52:53 INFO  : 'ps7_init' command is executed.
15:52:53 INFO  : 'ps7_post_config' command is executed.
15:52:53 INFO  : 'configparams force-mem-access 0' command is executed.
15:52:53 INFO  : ----------------XSDB Script----------------
connect -url tcp:127.0.0.1:3121
targets -set -nocase -filter {name =~"APU*"}
rst -system
after 3000
targets -set -filter {jtag_cable_name =~ "Xilinx TUL 1234-tulA" && level==0 && jtag_device_ctx=="jsn-TUL-1234-tulA-23727093-0"}
fpga -file C:/Users/lscho/OneDrive/Documents/GitHub/mo5-software/MO5_testFile/_ide/bitstream/custom_wrapper.bit
targets -set -nocase -filter {name =~"APU*"}
loadhw -hw C:/Users/lscho/OneDrive/Documents/GitHub/mo5-software/system_wrapper/export/system_wrapper/hw/custom_wrapper.xsa -mem-ranges [list {0x40000000 0xbfffffff}] -regs
configparams force-mem-access 1
targets -set -nocase -filter {name =~"APU*"}
source C:/Users/lscho/OneDrive/Documents/GitHub/mo5-software/MO5_testFile/_ide/psinit/ps7_init.tcl
ps7_init
ps7_post_config
configparams force-mem-access 0
----------------End of Script----------------

15:52:54 INFO  : Launch script is exported to file 'C:\Users\lscho\OneDrive\Documents\GitHub\mo5-software\MO5_testFile_system\_ide\scripts\systemdebugger_mo5_testfile_system_standalone.tcl'
15:53:43 INFO  : Checking for BSP changes to sync application flags for project 'MO5_testFile'...
15:53:43 ERROR : Failed to get platform details for the project 'MO5_testFile'. Cannot sync application flags.
15:55:37 INFO  : [Import] Updating active build configuration of the system project 'MO5_testFile_system' to 'Debug' after the import.
15:58:29 INFO  : Result from executing command 'getProjects': custom_wrapper
15:58:29 INFO  : Result from executing command 'getPlatforms': 
15:58:29 INFO  : Platform 'custom_wrapper' is added to custom repositories.
15:58:40 INFO  : Platform 'custom_wrapper' is added to custom repositories.
15:59:31 INFO  : Result from executing command 'getProjects': custom_wrapper
15:59:31 INFO  : Result from executing command 'getPlatforms': custom_wrapper|C:/Users/lscho/OneDrive/Documents/GitHub/mo5-software/custom_wrapper/export/custom_wrapper/custom_wrapper.xpfm
15:59:31 INFO  : Checking for BSP changes to sync application flags for project 'mo5SteerContoller'...
15:59:45 INFO  : Build configuration of 'mo5SteerContoller_system' is updated to 'Hardware'
15:59:46 INFO  : Disconnected from the channel tcfchan#3.
15:59:48 INFO  : Connected to target on host '127.0.0.1' and port '3121'.
15:59:48 INFO  : Jtag cable 'Xilinx TUL 1234-tulA' is selected.
15:59:48 INFO  : 'jtag frequency' command is executed.
15:59:48 INFO  : Context for 'APU' is selected.
15:59:48 INFO  : System reset is completed.
15:59:51 INFO  : 'after 3000' command is executed.
15:59:51 INFO  : 'targets -set -filter {jtag_cable_name =~ "Xilinx TUL 1234-tulA" && level==0 && jtag_device_ctx=="jsn-TUL-1234-tulA-23727093-0"}' command is executed.
15:59:54 INFO  : Device configured successfully with "C:/Users/lscho/OneDrive/Documents/GitHub/mo5-software/mo5SteerContoller/_ide/bitstream/custom_wrapper.bit"
15:59:54 INFO  : Context for 'APU' is selected.
15:59:54 INFO  : Hardware design and registers information is loaded from 'C:/Users/lscho/OneDrive/Documents/GitHub/mo5-software/custom_wrapper/export/custom_wrapper/hw/custom_wrapper.xsa'.
15:59:54 INFO  : 'configparams force-mem-access 1' command is executed.
15:59:54 INFO  : Context for 'APU' is selected.
15:59:54 INFO  : Sourcing of 'C:/Users/lscho/OneDrive/Documents/GitHub/mo5-software/mo5SteerContoller/_ide/psinit/ps7_init.tcl' is done.
15:59:54 INFO  : 'ps7_init' command is executed.
15:59:54 INFO  : 'ps7_post_config' command is executed.
15:59:54 INFO  : Context for processor 'ps7_cortexa9_0' is selected.
15:59:55 INFO  : The application 'C:/Users/lscho/OneDrive/Documents/GitHub/mo5-software/mo5SteerContoller/Debug/mo5SteerContoller.elf' is downloaded to processor 'ps7_cortexa9_0'.
15:59:55 INFO  : 'configparams force-mem-access 0' command is executed.
15:59:55 INFO  : ----------------XSDB Script----------------
connect -url tcp:127.0.0.1:3121
targets -set -nocase -filter {name =~"APU*"}
rst -system
after 3000
targets -set -filter {jtag_cable_name =~ "Xilinx TUL 1234-tulA" && level==0 && jtag_device_ctx=="jsn-TUL-1234-tulA-23727093-0"}
fpga -file C:/Users/lscho/OneDrive/Documents/GitHub/mo5-software/mo5SteerContoller/_ide/bitstream/custom_wrapper.bit
targets -set -nocase -filter {name =~"APU*"}
loadhw -hw C:/Users/lscho/OneDrive/Documents/GitHub/mo5-software/custom_wrapper/export/custom_wrapper/hw/custom_wrapper.xsa -mem-ranges [list {0x40000000 0xbfffffff}] -regs
configparams force-mem-access 1
targets -set -nocase -filter {name =~"APU*"}
source C:/Users/lscho/OneDrive/Documents/GitHub/mo5-software/mo5SteerContoller/_ide/psinit/ps7_init.tcl
ps7_init
ps7_post_config
targets -set -nocase -filter {name =~ "*A9*#0"}
dow C:/Users/lscho/OneDrive/Documents/GitHub/mo5-software/mo5SteerContoller/Debug/mo5SteerContoller.elf
configparams force-mem-access 0
----------------End of Script----------------

15:59:55 INFO  : Context for processor 'ps7_cortexa9_0' is selected.
15:59:55 INFO  : 'con' command is executed.
15:59:55 INFO  : ----------------XSDB Script (After Launch)----------------
targets -set -nocase -filter {name =~ "*A9*#0"}
con
----------------End of Script----------------

15:59:55 INFO  : Launch script is exported to file 'C:\Users\lscho\OneDrive\Documents\GitHub\mo5-software\mo5SteerContoller_system\_ide\scripts\systemdebugger_mo5steercontoller_system_standalone.tcl'
16:08:32 INFO  : Disconnected from the channel tcfchan#5.
